c:\users\student\documents\visual studio 2015\projects\enchantknight\release\vc140.pdb
c:\users\student\documents\visual studio 2015\projects\enchantknight\release\manager.obj
c:\users\student\documents\visual studio 2015\projects\enchantknight\release\main.obj
c:\users\student\documents\visual studio 2015\projects\enchantknight\release\light.obj
c:\users\student\documents\visual studio 2015\projects\enchantknight\release\layer_structure.obj
c:\users\student\documents\visual studio 2015\projects\enchantknight\release\keyboard.obj
c:\users\student\documents\visual studio 2015\projects\enchantknight\release\input.obj
c:\users\student\documents\visual studio 2015\projects\enchantknight\release\hirarchdata.obj
c:\users\student\documents\visual studio 2015\projects\enchantknight\release\goal.obj
c:\users\student\documents\visual studio 2015\projects\enchantknight\release\game.obj
c:\users\student\documents\visual studio 2015\projects\enchantknight\release\field.obj
c:\users\student\documents\visual studio 2015\projects\enchantknight\release\fade.obj
c:\users\student\documents\visual studio 2015\projects\enchantknight\release\enemy.obj
c:\users\student\documents\visual studio 2015\projects\enchantknight\release\effect_sphere.obj
c:\users\student\documents\visual studio 2015\projects\enchantknight\release\effect.obj
c:\users\student\documents\visual studio 2015\projects\enchantknight\release\directinput.obj
c:\users\student\documents\visual studio 2015\projects\enchantknight\release\deleteitem.obj
c:\users\student\documents\visual studio 2015\projects\enchantknight\release\collision.obj
c:\users\student\documents\visual studio 2015\projects\enchantknight\release\camera.obj
c:\users\student\documents\visual studio 2015\projects\enchantknight\release\billboard.obj
c:\users\student\documents\visual studio 2015\projects\enchantknight\release\bg.obj
c:\users\student\documents\visual studio 2015\projects\enchantknight\release\sound.obj
c:\users\student\documents\visual studio 2015\projects\enchantknight\release\shadow.obj
c:\users\student\documents\visual studio 2015\projects\enchantknight\release\score.obj
c:\users\student\documents\visual studio 2015\projects\enchantknight\release\scene3d.obj
c:\users\student\documents\visual studio 2015\projects\enchantknight\release\scene2d.obj
c:\users\student\documents\visual studio 2015\projects\enchantknight\release\scene.obj
c:\users\student\documents\visual studio 2015\projects\enchantknight\release\result.obj
c:\users\student\documents\visual studio 2015\projects\enchantknight\release\renderer.obj
c:\users\student\documents\visual studio 2015\projects\enchantknight\release\polygon.obj
c:\users\student\documents\visual studio 2015\projects\enchantknight\release\player_controller.obj
c:\users\student\documents\visual studio 2015\projects\enchantknight\release\player.obj
c:\users\student\documents\visual studio 2015\projects\enchantknight\release\pause.obj
c:\users\student\documents\visual studio 2015\projects\enchantknight\release\particle.obj
c:\users\student\documents\visual studio 2015\projects\enchantknight\release\myallocatehierarchy.obj
c:\users\student\documents\visual studio 2015\projects\enchantknight\release\mouse.obj
c:\users\student\documents\visual studio 2015\projects\enchantknight\release\motion.obj
c:\users\student\documents\visual studio 2015\projects\enchantknight\release\model_spawner.obj
c:\users\student\documents\visual studio 2015\projects\enchantknight\release\model.obj
c:\users\student\documents\visual studio 2015\projects\enchantknight\release\meshsphere.obj
c:\users\student\documents\visual studio 2015\projects\enchantknight\release\map_polygon.obj
c:\users\student\documents\visual studio 2015\projects\enchantknight\release\xload.obj
c:\users\student\documents\visual studio 2015\projects\enchantknight\release\xinput.obj
c:\users\student\documents\visual studio 2015\projects\enchantknight\release\title.obj
c:\users\student\documents\visual studio 2015\projects\enchantknight\release\texture.obj
c:\users\student\documents\visual studio 2015\projects\enchantknight\release\swordeffect.obj
c:\users\student\documents\visual studio 2015\projects\enchantknight\release\stage.obj
c:\users\student\documents\visual studio 2015\projects\enchantknight\release\gauge.obj
c:\users\student\documents\visual studio 2015\projects\enchantknight\release\enemy_poyo.obj
c:\users\student\documents\visual studio 2015\projects\enchantknight\release\effect_ring.obj
c:\users\student\documents\visual studio 2015\projects\enchantknight\release\commandui.obj
c:\users\student\documents\visual studio 2015\projects\enchantknight\release\bumper.obj
c:\users\student\documents\visual studio 2015\projects\enchantknight\release\magic_skill02.obj
c:\users\student\documents\visual studio 2015\projects\enchantknight\release\magic_skill01.obj
c:\users\student\documents\visual studio 2015\projects\enchantknight\release\magic_ice.obj
c:\users\student\documents\visual studio 2015\projects\enchantknight\release\magic_heel.obj
c:\users\student\documents\visual studio 2015\projects\enchantknight\release\magic_fire.obj
c:\users\student\documents\visual studio 2015\projects\enchantknight\release\magic_big_ice.obj
c:\users\student\documents\visual studio 2015\projects\enchantknight\release\magicui.obj
c:\users\student\documents\visual studio 2015\projects\enchantknight\release\magiccircle.obj
c:\users\student\documents\visual studio 2015\projects\enchantknight\release\magic.obj
c:\users\student\documents\visual studio 2015\projects\enchantknight\release\wall.obj
c:\users\student\documents\visual studio 2015\projects\enchantknight\release\particle_heeleffect.obj
c:\users\student\documents\visual studio 2015\projects\enchantknight\release\enemyspawner.obj
c:\users\student\documents\visual studio 2015\projects\enchantknight\release\miss.obj
c:\users\student\documents\visual studio 2015\projects\enchantknight\release\enchantknight.exe
c:\users\student\documents\visual studio 2015\projects\enchantknight\release\enchantknight.ipdb
c:\users\student\documents\visual studio 2015\projects\enchantknight\release\enchantknight.iobj
c:\users\student\documents\visual studio 2015\projects\enchantknight\release\enchantknight.pdb
c:\users\student\desktop\mygameproject\吉田学園情報ビジネス専門学校_林海斗\エンチャントナイト\プロジェクト一式\enchantknight\release\bg.obj
c:\users\student\desktop\mygameproject\吉田学園情報ビジネス専門学校_林海斗\エンチャントナイト\プロジェクト一式\enchantknight\release\billboard.obj
c:\users\student\desktop\mygameproject\吉田学園情報ビジネス専門学校_林海斗\エンチャントナイト\プロジェクト一式\enchantknight\release\bumper.obj
c:\users\student\desktop\mygameproject\吉田学園情報ビジネス専門学校_林海斗\エンチャントナイト\プロジェクト一式\enchantknight\release\camera.obj
c:\users\student\desktop\mygameproject\吉田学園情報ビジネス専門学校_林海斗\エンチャントナイト\プロジェクト一式\enchantknight\release\collision.obj
c:\users\student\desktop\mygameproject\吉田学園情報ビジネス専門学校_林海斗\エンチャントナイト\プロジェクト一式\enchantknight\release\commandui.obj
c:\users\student\desktop\mygameproject\吉田学園情報ビジネス専門学校_林海斗\エンチャントナイト\プロジェクト一式\enchantknight\release\deleteitem.obj
c:\users\student\desktop\mygameproject\吉田学園情報ビジネス専門学校_林海斗\エンチャントナイト\プロジェクト一式\enchantknight\release\directinput.obj
c:\users\student\desktop\mygameproject\吉田学園情報ビジネス専門学校_林海斗\エンチャントナイト\プロジェクト一式\enchantknight\release\effect.obj
c:\users\student\desktop\mygameproject\吉田学園情報ビジネス専門学校_林海斗\エンチャントナイト\プロジェクト一式\enchantknight\release\effect_ring.obj
c:\users\student\desktop\mygameproject\吉田学園情報ビジネス専門学校_林海斗\エンチャントナイト\プロジェクト一式\enchantknight\release\effect_sphere.obj
c:\users\student\desktop\mygameproject\吉田学園情報ビジネス専門学校_林海斗\エンチャントナイト\プロジェクト一式\enchantknight\release\enemy.obj
c:\users\student\desktop\mygameproject\吉田学園情報ビジネス専門学校_林海斗\エンチャントナイト\プロジェクト一式\enchantknight\release\enemyspawner.obj
c:\users\student\desktop\mygameproject\吉田学園情報ビジネス専門学校_林海斗\エンチャントナイト\プロジェクト一式\enchantknight\release\enemy_poyo.obj
c:\users\student\desktop\mygameproject\吉田学園情報ビジネス専門学校_林海斗\エンチャントナイト\プロジェクト一式\enchantknight\release\fade.obj
c:\users\student\desktop\mygameproject\吉田学園情報ビジネス専門学校_林海斗\エンチャントナイト\プロジェクト一式\enchantknight\release\field.obj
c:\users\student\desktop\mygameproject\吉田学園情報ビジネス専門学校_林海斗\エンチャントナイト\プロジェクト一式\enchantknight\release\game.obj
c:\users\student\desktop\mygameproject\吉田学園情報ビジネス専門学校_林海斗\エンチャントナイト\プロジェクト一式\enchantknight\release\gauge.obj
c:\users\student\desktop\mygameproject\吉田学園情報ビジネス専門学校_林海斗\エンチャントナイト\プロジェクト一式\enchantknight\release\goal.obj
c:\users\student\desktop\mygameproject\吉田学園情報ビジネス専門学校_林海斗\エンチャントナイト\プロジェクト一式\enchantknight\release\hirarchdata.obj
c:\users\student\desktop\mygameproject\吉田学園情報ビジネス専門学校_林海斗\エンチャントナイト\プロジェクト一式\enchantknight\release\input.obj
c:\users\student\desktop\mygameproject\吉田学園情報ビジネス専門学校_林海斗\エンチャントナイト\プロジェクト一式\enchantknight\release\keyboard.obj
c:\users\student\desktop\mygameproject\吉田学園情報ビジネス専門学校_林海斗\エンチャントナイト\プロジェクト一式\enchantknight\release\layer_structure.obj
c:\users\student\desktop\mygameproject\吉田学園情報ビジネス専門学校_林海斗\エンチャントナイト\プロジェクト一式\enchantknight\release\light.obj
c:\users\student\desktop\mygameproject\吉田学園情報ビジネス専門学校_林海斗\エンチャントナイト\プロジェクト一式\enchantknight\release\magic.obj
c:\users\student\desktop\mygameproject\吉田学園情報ビジネス専門学校_林海斗\エンチャントナイト\プロジェクト一式\enchantknight\release\magiccircle.obj
c:\users\student\desktop\mygameproject\吉田学園情報ビジネス専門学校_林海斗\エンチャントナイト\プロジェクト一式\enchantknight\release\magicui.obj
c:\users\student\desktop\mygameproject\吉田学園情報ビジネス専門学校_林海斗\エンチャントナイト\プロジェクト一式\enchantknight\release\magic_big_ice.obj
c:\users\student\desktop\mygameproject\吉田学園情報ビジネス専門学校_林海斗\エンチャントナイト\プロジェクト一式\enchantknight\release\magic_fire.obj
c:\users\student\desktop\mygameproject\吉田学園情報ビジネス専門学校_林海斗\エンチャントナイト\プロジェクト一式\enchantknight\release\magic_heel.obj
c:\users\student\desktop\mygameproject\吉田学園情報ビジネス専門学校_林海斗\エンチャントナイト\プロジェクト一式\enchantknight\release\magic_ice.obj
c:\users\student\desktop\mygameproject\吉田学園情報ビジネス専門学校_林海斗\エンチャントナイト\プロジェクト一式\enchantknight\release\magic_skill01.obj
c:\users\student\desktop\mygameproject\吉田学園情報ビジネス専門学校_林海斗\エンチャントナイト\プロジェクト一式\enchantknight\release\magic_skill02.obj
c:\users\student\desktop\mygameproject\吉田学園情報ビジネス専門学校_林海斗\エンチャントナイト\プロジェクト一式\enchantknight\release\main.obj
c:\users\student\desktop\mygameproject\吉田学園情報ビジネス専門学校_林海斗\エンチャントナイト\プロジェクト一式\enchantknight\release\manager.obj
c:\users\student\desktop\mygameproject\吉田学園情報ビジネス専門学校_林海斗\エンチャントナイト\プロジェクト一式\enchantknight\release\map_polygon.obj
c:\users\student\desktop\mygameproject\吉田学園情報ビジネス専門学校_林海斗\エンチャントナイト\プロジェクト一式\enchantknight\release\meshsphere.obj
c:\users\student\desktop\mygameproject\吉田学園情報ビジネス専門学校_林海斗\エンチャントナイト\プロジェクト一式\enchantknight\release\miss.obj
c:\users\student\desktop\mygameproject\吉田学園情報ビジネス専門学校_林海斗\エンチャントナイト\プロジェクト一式\enchantknight\release\model.obj
c:\users\student\desktop\mygameproject\吉田学園情報ビジネス専門学校_林海斗\エンチャントナイト\プロジェクト一式\enchantknight\release\model_spawner.obj
c:\users\student\desktop\mygameproject\吉田学園情報ビジネス専門学校_林海斗\エンチャントナイト\プロジェクト一式\enchantknight\release\motion.obj
c:\users\student\desktop\mygameproject\吉田学園情報ビジネス専門学校_林海斗\エンチャントナイト\プロジェクト一式\enchantknight\release\mouse.obj
c:\users\student\desktop\mygameproject\吉田学園情報ビジネス専門学校_林海斗\エンチャントナイト\プロジェクト一式\enchantknight\release\myallocatehierarchy.obj
c:\users\student\desktop\mygameproject\吉田学園情報ビジネス専門学校_林海斗\エンチャントナイト\プロジェクト一式\enchantknight\release\particle.obj
c:\users\student\desktop\mygameproject\吉田学園情報ビジネス専門学校_林海斗\エンチャントナイト\プロジェクト一式\enchantknight\release\particle_heeleffect.obj
c:\users\student\desktop\mygameproject\吉田学園情報ビジネス専門学校_林海斗\エンチャントナイト\プロジェクト一式\enchantknight\release\pause.obj
c:\users\student\desktop\mygameproject\吉田学園情報ビジネス専門学校_林海斗\エンチャントナイト\プロジェクト一式\enchantknight\release\player.obj
c:\users\student\desktop\mygameproject\吉田学園情報ビジネス専門学校_林海斗\エンチャントナイト\プロジェクト一式\enchantknight\release\player_controller.obj
c:\users\student\desktop\mygameproject\吉田学園情報ビジネス専門学校_林海斗\エンチャントナイト\プロジェクト一式\enchantknight\release\polygon.obj
c:\users\student\desktop\mygameproject\吉田学園情報ビジネス専門学校_林海斗\エンチャントナイト\プロジェクト一式\enchantknight\release\renderer.obj
c:\users\student\desktop\mygameproject\吉田学園情報ビジネス専門学校_林海斗\エンチャントナイト\プロジェクト一式\enchantknight\release\result.obj
c:\users\student\desktop\mygameproject\吉田学園情報ビジネス専門学校_林海斗\エンチャントナイト\プロジェクト一式\enchantknight\release\scene.obj
c:\users\student\desktop\mygameproject\吉田学園情報ビジネス専門学校_林海斗\エンチャントナイト\プロジェクト一式\enchantknight\release\scene2d.obj
c:\users\student\desktop\mygameproject\吉田学園情報ビジネス専門学校_林海斗\エンチャントナイト\プロジェクト一式\enchantknight\release\scene3d.obj
c:\users\student\desktop\mygameproject\吉田学園情報ビジネス専門学校_林海斗\エンチャントナイト\プロジェクト一式\enchantknight\release\score.obj
c:\users\student\desktop\mygameproject\吉田学園情報ビジネス専門学校_林海斗\エンチャントナイト\プロジェクト一式\enchantknight\release\shadow.obj
c:\users\student\desktop\mygameproject\吉田学園情報ビジネス専門学校_林海斗\エンチャントナイト\プロジェクト一式\enchantknight\release\sound.obj
c:\users\student\desktop\mygameproject\吉田学園情報ビジネス専門学校_林海斗\エンチャントナイト\プロジェクト一式\enchantknight\release\stage.obj
c:\users\student\desktop\mygameproject\吉田学園情報ビジネス専門学校_林海斗\エンチャントナイト\プロジェクト一式\enchantknight\release\swordeffect.obj
c:\users\student\desktop\mygameproject\吉田学園情報ビジネス専門学校_林海斗\エンチャントナイト\プロジェクト一式\enchantknight\release\texture.obj
c:\users\student\desktop\mygameproject\吉田学園情報ビジネス専門学校_林海斗\エンチャントナイト\プロジェクト一式\enchantknight\release\title.obj
c:\users\student\desktop\mygameproject\吉田学園情報ビジネス専門学校_林海斗\エンチャントナイト\プロジェクト一式\enchantknight\release\wall.obj
c:\users\student\desktop\mygameproject\吉田学園情報ビジネス専門学校_林海斗\エンチャントナイト\プロジェクト一式\enchantknight\release\xinput.obj
c:\users\student\desktop\mygameproject\吉田学園情報ビジネス専門学校_林海斗\エンチャントナイト\プロジェクト一式\enchantknight\release\xload.obj
c:\users\student\desktop\mygameproject\吉田学園情報ビジネス専門学校_林海斗\エンチャントナイト\プロジェクト一式\enchantknight\release\enchantknight.ipdb
c:\users\student\desktop\mygameproject\吉田学園情報ビジネス専門学校_林海斗\エンチャントナイト\プロジェクト一式\enchantknight\release\enchantknight.iobj
c:\users\student\desktop\mygameproject\吉田学園情報ビジネス専門学校_林海斗\エンチャントナイト\プロジェクト一式\enchantknight\release\enchantknight.pdb
c:\users\student\desktop\mygameproject\吉田学園情報ビジネス専門学校_林海斗\エンチャントナイト\プロジェクト一式\enchantknight\release\vc140.pdb
c:\users\student\desktop\mygameproject\吉田学園情報ビジネス専門学校_林海斗\エンチャントナイト\プロジェクト一式\enchantknight\release\enchantknight.exe
c:\users\student\desktop\mygameproject\吉田学園情報ビジネス専門学校_林海斗\エンチャントナイト\プロジェクト一式\enchantknight\release\enchantknight.tlog\cl.command.1.tlog
c:\users\student\desktop\mygameproject\吉田学園情報ビジネス専門学校_林海斗\エンチャントナイト\プロジェクト一式\enchantknight\release\enchantknight.tlog\cl.read.1.tlog
c:\users\student\desktop\mygameproject\吉田学園情報ビジネス専門学校_林海斗\エンチャントナイト\プロジェクト一式\enchantknight\release\enchantknight.tlog\cl.write.1.tlog
c:\users\student\desktop\mygameproject\吉田学園情報ビジネス専門学校_林海斗\エンチャントナイト\プロジェクト一式\enchantknight\release\enchantknight.tlog\link.command.1.tlog
c:\users\student\desktop\mygameproject\吉田学園情報ビジネス専門学校_林海斗\エンチャントナイト\プロジェクト一式\enchantknight\release\enchantknight.tlog\link.read.1.tlog
c:\users\student\desktop\mygameproject\吉田学園情報ビジネス専門学校_林海斗\エンチャントナイト\プロジェクト一式\enchantknight\release\enchantknight.tlog\link.write.1.tlog
