  bg.cpp
  billboard.cpp
  Boss.cpp
  bumper.cpp
bumper.cpp(102): warning C4244: '初期化中': 'double' から 'float' への変換です。データが失われる可能性があります。
bumper.cpp(103): warning C4244: '初期化中': 'double' から 'float' への変換です。データが失われる可能性があります。
  camera.cpp
  circlegauge.cpp
c:\users\student\desktop\recruitment_works\吉田学園情報ビジネス専門学校_林海斗\エンチャントナイト\プロジェクト一式\enchantknight\circlegauge.h(27): warning C4244: 'return': 'float' から 'int' への変換です。データが失われる可能性があります。
c:\users\student\desktop\recruitment_works\吉田学園情報ビジネス専門学校_林海斗\エンチャントナイト\プロジェクト一式\enchantknight\circlegauge.h(28): warning C4244: '=': 'int' から 'float' への変換です。データが失われる可能性があります。
circlegauge.cpp(35): warning C4244: '=': 'const int' から 'float' への変換です。データが失われる可能性があります。
circlegauge.cpp(36): warning C4244: '=': 'const int' から 'float' への変換です。データが失われる可能性があります。
  collision.cpp
  col_area.cpp
col_area.cpp(173): warning C4244: '=': 'const int' から 'float' への変換です。データが失われる可能性があります。
  col_area_bg.cpp
col_area_bg.cpp(165): warning C4244: '=': 'const int' から 'float' への変換です。データが失われる可能性があります。
  commandUI.cpp
commandUI.cpp(75): warning C4305: '-=': 'double' から 'FLOAT' へ切り詰めます。
commandUI.cpp(76): warning C4305: '-=': 'double' から 'FLOAT' へ切り詰めます。
commandUI.cpp(77): warning C4305: '-=': 'double' から 'FLOAT' へ切り詰めます。
commandUI.cpp(80): warning C4305: '=': 'double' から 'FLOAT' へ切り詰めます。
commandUI.cpp(81): warning C4305: '=': 'double' から 'FLOAT' へ切り詰めます。
commandUI.cpp(82): warning C4305: '=': 'double' から 'FLOAT' へ切り詰めます。
commandUI.cpp(87): warning C4305: '+=': 'double' から 'FLOAT' へ切り詰めます。
commandUI.cpp(88): warning C4305: '+=': 'double' から 'FLOAT' へ切り詰めます。
commandUI.cpp(89): warning C4305: '+=': 'double' から 'FLOAT' へ切り詰めます。
  deleteItem.cpp
  directinput.cpp
  effect.cpp
  effect_ring.cpp
  effect_sphere.cpp
effect_sphere.cpp(43): warning C4244: '=': 'float' から 'int' への変換です。データが失われる可能性があります。
effect_sphere.cpp(44): warning C4244: '=': 'float' から 'int' への変換です。データが失われる可能性があります。
  Enemy.cpp
Enemy.cpp(103): warning C4018: '<': signed と unsigned の数値を比較しようとしました。
Enemy.cpp(111): warning C4018: '<': signed と unsigned の数値を比較しようとしました。
Enemy.cpp(278): warning C4018: '<': signed と unsigned の数値を比較しようとしました。
Enemy.cpp(286): warning C4018: '<': signed と unsigned の数値を比較しようとしました。
Enemy.cpp(325): warning C4244: '=': 'double' から 'float' への変換です。データが失われる可能性があります。
Enemy.cpp(326): warning C4244: '=': 'double' から 'float' への変換です。データが失われる可能性があります。
Enemy.cpp(356): warning C4244: '初期化中': 'int' から 'float' への変換です。データが失われる可能性があります。
Enemy.cpp(357): warning C4244: '+=': 'float' から 'int' への変換です。データが失われる可能性があります。
Enemy.cpp(373): warning C4244: '=': 'int' から 'float' への変換です。データが失われる可能性があります。
Enemy.cpp(377): warning C4244: '+=': 'float' から 'int' への変換です。データが失われる可能性があります。
Enemy.cpp(424): warning C4244: '初期化中': 'double' から 'float' への変換です。データが失われる可能性があります。
Enemy.cpp(425): warning C4244: '初期化中': 'double' から 'float' への変換です。データが失われる可能性があります。
Enemy.cpp(476): warning C4305: '+=': 'double' から 'float' へ切り詰めます。
Enemy.cpp(480): warning C4244: '=': 'double' から 'float' への変換です。データが失われる可能性があります。
Enemy.cpp(481): warning C4244: '=': 'double' から 'float' への変換です。データが失われる可能性があります。
  enemyspawner.cpp
  Enemy_Crystal.cpp
Enemy_Crystal.cpp(274): warning C4244: '=': 'int' から 'float' への変換です。データが失われる可能性があります。
Enemy_Crystal.cpp(278): warning C4244: '+=': 'float' から 'int' への変換です。データが失われる可能性があります。
Enemy_Crystal.cpp(290): warning C4244: '初期化中': 'int' から 'float' への変換です。データが失われる可能性があります。
Enemy_Crystal.cpp(291): warning C4244: '+=': 'float' から 'int' への変換です。データが失われる可能性があります。
  Enemy_Frame.cpp
Enemy_Frame.cpp(275): warning C4244: '=': 'int' から 'float' への変換です。データが失われる可能性があります。
Enemy_Frame.cpp(279): warning C4244: '+=': 'float' から 'int' への変換です。データが失われる可能性があります。
Enemy_Frame.cpp(289): warning C4244: '初期化中': 'int' から 'float' への変換です。データが失われる可能性があります。
Enemy_Frame.cpp(290): warning C4244: '+=': 'float' から 'int' への変換です。データが失われる可能性があります。
  enemy_magic_field_ice.cpp
c:\users\student\desktop\recruitment_works\吉田学園情報ビジネス専門学校_林海斗\エンチャントナイト\プロジェクト一式\enchantknight\circlegauge.h(27): warning C4244: 'return': 'float' から 'int' への変換です。データが失われる可能性があります。
c:\users\student\desktop\recruitment_works\吉田学園情報ビジネス専門学校_林海斗\エンチャントナイト\プロジェクト一式\enchantknight\circlegauge.h(28): warning C4244: '=': 'int' から 'float' への変換です。データが失われる可能性があります。
enemy_magic_field_ice.cpp(90): warning C4244: '=': 'int' から 'float' への変換です。データが失われる可能性があります。
enemy_magic_field_ice.cpp(92): warning C4244: '=': 'int' から 'float' への変換です。データが失われる可能性があります。
enemy_magic_field_ice.cpp(126): warning C4244: '初期化中': 'double' から 'float' への変換です。データが失われる可能性があります。
  コンパイル中...
  enemy_magic_fire.cpp
c:\users\student\desktop\recruitment_works\吉田学園情報ビジネス専門学校_林海斗\エンチャントナイト\プロジェクト一式\enchantknight\circlegauge.h(27): warning C4244: 'return': 'float' から 'int' への変換です。データが失われる可能性があります。
c:\users\student\desktop\recruitment_works\吉田学園情報ビジネス専門学校_林海斗\エンチャントナイト\プロジェクト一式\enchantknight\circlegauge.h(28): warning C4244: '=': 'int' から 'float' への変換です。データが失われる可能性があります。
enemy_magic_fire.cpp(93): warning C4305: '+=': 'double' から 'float' へ切り詰めます。
enemy_magic_fire.cpp(113): warning C4244: '-=': 'double' から 'float' への変換です。データが失われる可能性があります。
enemy_magic_fire.cpp(114): warning C4244: '-=': 'double' から 'float' への変換です。データが失われる可能性があります。
enemy_magic_fire.cpp(137): warning C4244: '初期化中': 'double' から 'float' への変換です。データが失われる可能性があります。
enemy_magic_fire.cpp(223): warning C4244: '=': 'double' から 'float' への変換です。データが失われる可能性があります。
  enemy_magic_ice.cpp
c:\users\student\desktop\recruitment_works\吉田学園情報ビジネス専門学校_林海斗\エンチャントナイト\プロジェクト一式\enchantknight\circlegauge.h(27): warning C4244: 'return': 'float' から 'int' への変換です。データが失われる可能性があります。
c:\users\student\desktop\recruitment_works\吉田学園情報ビジネス専門学校_林海斗\エンチャントナイト\プロジェクト一式\enchantknight\circlegauge.h(28): warning C4244: '=': 'int' から 'float' への変換です。データが失われる可能性があります。
enemy_magic_ice.cpp(91): warning C4305: '+=': 'double' から 'float' へ切り詰めます。
enemy_magic_ice.cpp(98): warning C4244: '-=': 'double' から 'float' への変換です。データが失われる可能性があります。
enemy_magic_ice.cpp(99): warning C4244: '-=': 'double' から 'float' への変換です。データが失われる可能性があります。
enemy_magic_ice.cpp(119): warning C4244: '初期化中': 'double' から 'float' への変換です。データが失われる可能性があります。
  Enemy_Poyo.cpp
Enemy_Poyo.cpp(100): warning C4244: '引数': 'int' から 'float' への変換です。データが失われる可能性があります。
Enemy_Poyo.cpp(106): warning C4244: '初期化中': 'double' から 'float' への変換です。データが失われる可能性があります。
Enemy_Poyo.cpp(181): warning C4244: '=': 'double' から 'float' への変換です。データが失われる可能性があります。
Enemy_Poyo.cpp(182): warning C4244: '=': 'double' から 'float' への変換です。データが失われる可能性があります。
Enemy_Poyo.cpp(218): warning C4244: '=': 'int' から 'float' への変換です。データが失われる可能性があります。
Enemy_Poyo.cpp(222): warning C4244: '+=': 'float' から 'int' への変換です。データが失われる可能性があります。
Enemy_Poyo.cpp(232): warning C4244: '初期化中': 'int' から 'float' への変換です。データが失われる可能性があります。
Enemy_Poyo.cpp(233): warning C4244: '+=': 'float' から 'int' への変換です。データが失われる可能性があります。
  Enemy_Purple.cpp
Enemy_Purple.cpp(294): warning C4244: '=': 'int' から 'float' への変換です。データが失われる可能性があります。
Enemy_Purple.cpp(298): warning C4244: '+=': 'float' から 'int' への変換です。データが失われる可能性があります。
Enemy_Purple.cpp(308): warning C4244: '初期化中': 'int' から 'float' への変換です。データが失われる可能性があります。
Enemy_Purple.cpp(309): warning C4244: '+=': 'float' から 'int' への変換です。データが失われる可能性があります。
  fade.cpp
  field.cpp
  game.cpp
c:\users\student\desktop\recruitment_works\吉田学園情報ビジネス専門学校_林海斗\エンチャントナイト\プロジェクト一式\enchantknight\circlegauge.h(27): warning C4244: 'return': 'float' から 'int' への変換です。データが失われる可能性があります。
c:\users\student\desktop\recruitment_works\吉田学園情報ビジネス専門学校_林海斗\エンチャントナイト\プロジェクト一式\enchantknight\circlegauge.h(28): warning C4244: '=': 'int' から 'float' への変換です。データが失われる可能性があります。
game.cpp(507): warning C4305: '引数': 'double' から 'float' へ切り詰めます。
  gauge.cpp
gauge.cpp(36): warning C4244: '=': 'const int' から 'float' への変換です。データが失われる可能性があります。
gauge.cpp(37): warning C4244: '=': 'const int' から 'float' への変換です。データが失われる可能性があります。
  gimmick_wall.cpp
  goal.cpp
  HirarchData.cpp
HirarchData.cpp(8): warning C4316: 'FrameData': ヒープで割り当てられたオブジェクトが 16 にアラインメントされていない可能性があります
HirarchData.cpp(73): warning C4018: '<': signed と unsigned の数値を比較しようとしました。
HirarchData.cpp(156): warning C4018: '<': signed と unsigned の数値を比較しようとしました。
  input.cpp
  keyboard.cpp
  layer_structure.cpp
  light.cpp
  magic.cpp
  MagicCircle.cpp
  magicUI.cpp
magicUI.cpp(126): warning C4305: '=': 'double' から 'FLOAT' へ切り詰めます。
magicUI.cpp(127): warning C4305: '=': 'double' から 'FLOAT' へ切り詰めます。
magicUI.cpp(128): warning C4305: '=': 'double' から 'FLOAT' へ切り詰めます。
magicUI.cpp(221): warning C4305: '=': 'double' から 'FLOAT' へ切り詰めます。
  magic_big_Ice.cpp
  magic_fire.cpp
c:\users\student\desktop\recruitment_works\吉田学園情報ビジネス専門学校_林海斗\エンチャントナイト\プロジェクト一式\enchantknight\circlegauge.h(27): warning C4244: 'return': 'float' から 'int' への変換です。データが失われる可能性があります。
c:\users\student\desktop\recruitment_works\吉田学園情報ビジネス専門学校_林海斗\エンチャントナイト\プロジェクト一式\enchantknight\circlegauge.h(28): warning C4244: '=': 'int' から 'float' への変換です。データが失われる可能性があります。
magic_fire.cpp(94): warning C4305: '+=': 'double' から 'float' へ切り詰めます。
magic_fire.cpp(114): warning C4244: '-=': 'double' から 'float' への変換です。データが失われる可能性があります。
magic_fire.cpp(115): warning C4244: '-=': 'double' から 'float' への変換です。データが失われる可能性があります。
magic_fire.cpp(148): warning C4244: '初期化中': 'double' から 'float' への変換です。データが失われる可能性があります。
magic_fire.cpp(235): warning C4244: '=': 'double' から 'float' への変換です。データが失われる可能性があります。
  コンパイル中...
  magic_heel.cpp
  magic_ice.cpp
c:\users\student\desktop\recruitment_works\吉田学園情報ビジネス専門学校_林海斗\エンチャントナイト\プロジェクト一式\enchantknight\circlegauge.h(27): warning C4244: 'return': 'float' から 'int' への変換です。データが失われる可能性があります。
c:\users\student\desktop\recruitment_works\吉田学園情報ビジネス専門学校_林海斗\エンチャントナイト\プロジェクト一式\enchantknight\circlegauge.h(28): warning C4244: '=': 'int' から 'float' への変換です。データが失われる可能性があります。
  magic_skill01.cpp
c:\users\student\desktop\recruitment_works\吉田学園情報ビジネス専門学校_林海斗\エンチャントナイト\プロジェクト一式\enchantknight\circlegauge.h(27): warning C4244: 'return': 'float' から 'int' への変換です。データが失われる可能性があります。
c:\users\student\desktop\recruitment_works\吉田学園情報ビジネス専門学校_林海斗\エンチャントナイト\プロジェクト一式\enchantknight\circlegauge.h(28): warning C4244: '=': 'int' から 'float' への変換です。データが失われる可能性があります。
magic_skill01.cpp(105): warning C4244: '初期化中': 'double' から 'float' への変換です。データが失われる可能性があります。
  magic_skill02.cpp
c:\users\student\desktop\recruitment_works\吉田学園情報ビジネス専門学校_林海斗\エンチャントナイト\プロジェクト一式\enchantknight\circlegauge.h(27): warning C4244: 'return': 'float' から 'int' への変換です。データが失われる可能性があります。
c:\users\student\desktop\recruitment_works\吉田学園情報ビジネス専門学校_林海斗\エンチャントナイト\プロジェクト一式\enchantknight\circlegauge.h(28): warning C4244: '=': 'int' から 'float' への変換です。データが失われる可能性があります。
magic_skill02.cpp(94): warning C4244: '=': 'int' から 'float' への変換です。データが失われる可能性があります。
magic_skill02.cpp(96): warning C4244: '=': 'int' から 'float' への変換です。データが失われる可能性があります。
magic_skill02.cpp(135): warning C4244: '初期化中': 'double' から 'float' への変換です。データが失われる可能性があります。
  main.cpp
  manager.cpp
  map_polygon.cpp
  meshsphere.cpp
meshsphere.cpp(44): warning C4244: '=': 'float' から 'int' への変換です。データが失われる可能性があります。
meshsphere.cpp(45): warning C4244: '=': 'float' から 'int' への変換です。データが失われる可能性があります。
  miss.cpp
  model.cpp
  model_spawner.cpp
  motion.cpp
motion.cpp(680): warning C4477: 'fscanf' : 書式文字列 '%d' には、型 'int *' の引数が必要ですが、可変個引数 1 は型 'bool *' です
  mouse.cpp
  MyAllocateHierarchy.cpp
MyAllocateHierarchy.cpp(67): warning C4018: '<': signed と unsigned の数値を比較しようとしました。
MyAllocateHierarchy.cpp(151): warning C4018: '<': signed と unsigned の数値を比較しようとしました。
  Particle.cpp
Particle.cpp(66): warning C4244: '=': 'float' から 'int' への変換です。データが失われる可能性があります。
Particle.cpp(71): warning C4244: '初期化中': 'double' から 'float' への変換です。データが失われる可能性があります。
Particle.cpp(81): warning C4244: '引数': 'double' から 'FLOAT' への変換です。データが失われる可能性があります。
Particle.cpp(97): warning C4244: '引数': 'double' から 'FLOAT' への変換です。データが失われる可能性があります。
Particle.cpp(103): warning C4305: '引数': 'CTexture::Type' から 'bool' へ切り詰めます。
Particle.cpp(134): warning C4244: '引数': 'double' から 'FLOAT' への変換です。データが失われる可能性があります。
Particle.cpp(239): warning C4477: 'fscanf' : 書式文字列 '%d' には、型 'int *' の引数が必要ですが、可変個引数 1 は型 'bool *' です
  Particle_HeelEffect.cpp
Particle_HeelEffect.cpp(45): warning C4244: '引数': 'int' から 'float' への変換です。データが失われる可能性があります。
Particle_HeelEffect.cpp(53): warning C4244: '引数': 'int' から 'float' への変換です。データが失われる可能性があります。
Particle_HeelEffect.cpp(77): warning C4244: '初期化中': 'double' から 'float' への変換です。データが失われる可能性があります。
Particle_HeelEffect.cpp(80): warning C4244: '引数': 'double' から 'FLOAT' への変換です。データが失われる可能性があります。
Particle_HeelEffect.cpp(85): warning C4244: '引数': 'double' から 'FLOAT' への変換です。データが失われる可能性があります。
  pause.cpp
pause.cpp(49): warning C4305: '引数': 'double' から 'FLOAT' へ切り詰めます。
  player.cpp
c:\users\student\desktop\recruitment_works\吉田学園情報ビジネス専門学校_林海斗\エンチャントナイト\プロジェクト一式\enchantknight\circlegauge.h(27): warning C4244: 'return': 'float' から 'int' への変換です。データが失われる可能性があります。
c:\users\student\desktop\recruitment_works\吉田学園情報ビジネス専門学校_林海斗\エンチャントナイト\プロジェクト一式\enchantknight\circlegauge.h(28): warning C4244: '=': 'int' から 'float' への変換です。データが失われる可能性があります。
player.cpp(455): warning C4244: '初期化中': 'double' から 'float' への変換です。データが失われる可能性があります。
  player_controller.cpp
  polygon.cpp
  コンパイル中...
  Renderer.cpp
  result.cpp
  scene.cpp
  scene2D.cpp
  Scene3D.cpp
  score.cpp
  shadow.cpp
  sound.cpp
  stage.cpp
  swordeffect.cpp
swordeffect.cpp(39): warning C4244: '=': 'float' から 'int' への変換です。データが失われる可能性があります。
  texture.cpp
  title.cpp
  wall.cpp
  XInput.cpp
XInput.cpp(48): warning C4800: 'int': ブール値を 'true' または 'false' に強制的に設定します (警告の処理)
  xload.cpp
  コード生成しています。
  All 1562 functions were compiled because no usable IPDB/IOBJ from previous compilation was found.
  コード生成が終了しました。
  EnchantKnight.vcxproj -> C:\Users\student\Desktop\recruitment_works\吉田学園情報ビジネス専門学校_林海斗\エンチャントナイト\プロジェクト一式\EnchantKnight\Release\EnchantKnight.exe
  EnchantKnight.vcxproj -> C:\Users\student\Desktop\recruitment_works\吉田学園情報ビジネス専門学校_林海斗\エンチャントナイト\プロジェクト一式\EnchantKnight\Release\EnchantKnight.pdb (Full PDB)
